0 info it worked if it ends with ok
1 verbose cli [ 'C:\\Program Files\\nodejs\\node.exe',
1 verbose cli   'C:\\Program Files\\nodejs\\node_modules\\npm\\bin\\npm-cli.js',
1 verbose cli   'install',
1 verbose cli   'cordova-browser@~5.0.0',
1 verbose cli   '--production',
1 verbose cli   '--no-save' ]
2 info using npm@3.10.10
3 info using node@v6.11.2
4 silly loadCurrentTree Starting
5 silly install loadCurrentTree
6 silly install readLocalPackageData
7 silly fetchPackageMetaData cordova-browser@~5.0.0
8 silly fetchNamedPackageData cordova-browser
9 silly mapToRegistry name cordova-browser
10 silly mapToRegistry using default registry
11 silly mapToRegistry registry https://registry.npmjs.org/
12 silly mapToRegistry data Result {
12 silly mapToRegistry   raw: 'cordova-browser',
12 silly mapToRegistry   scope: null,
12 silly mapToRegistry   escapedName: 'cordova-browser',
12 silly mapToRegistry   name: 'cordova-browser',
12 silly mapToRegistry   rawSpec: '',
12 silly mapToRegistry   spec: 'latest',
12 silly mapToRegistry   type: 'tag' }
13 silly mapToRegistry uri https://registry.npmjs.org/cordova-browser
14 verbose request uri https://registry.npmjs.org/cordova-browser
15 verbose request no auth needed
16 info attempt registry request try #1 at 3:54:57 PM
17 verbose request id 8c07501f3b143443
18 verbose etag W/"59e922f7-3c16"
19 verbose lastModified Thu, 19 Oct 2017 22:11:03 GMT
20 http request GET https://registry.npmjs.org/cordova-browser
21 info retry will retry, error on last attempt: Error: getaddrinfo ENOTFOUND registry.npmjs.org registry.npmjs.org:443
22 info attempt registry request try #2 at 3:55:07 PM
23 verbose etag W/"59e922f7-3c16"
24 verbose lastModified Thu, 19 Oct 2017 22:11:03 GMT
25 http request GET https://registry.npmjs.org/cordova-browser
26 info retry will retry, error on last attempt: Error: getaddrinfo ENOTFOUND registry.npmjs.org registry.npmjs.org:443
27 info attempt registry request try #3 at 3:56:07 PM
28 verbose etag W/"59e922f7-3c16"
29 verbose lastModified Thu, 19 Oct 2017 22:11:03 GMT
30 http request GET https://registry.npmjs.org/cordova-browser
31 silly get cb [ 304, undefined ]
32 verbose etag https://registry.npmjs.org/cordova-browser from cache
33 verbose get saving cordova-browser to C:\Users\Lavender\AppData\Roaming\npm-cache\registry.npmjs.org\cordova-browser\.cache.json
34 verbose correctMkdir C:\Users\Lavender\AppData\Roaming\npm-cache correctMkdir not in flight; initializing
35 silly install normalizeTree
36 silly loadCurrentTree Finishing
37 silly loadIdealTree Starting
38 silly install loadIdealTree
39 silly cloneCurrentTree Starting
40 silly install cloneCurrentTreeToIdealTree
41 silly cloneCurrentTree Finishing
42 silly loadShrinkwrap Starting
43 silly install loadShrinkwrap
44 silly loadShrinkwrap Finishing
45 silly loadAllDepsIntoIdealTree Starting
46 silly install loadAllDepsIntoIdealTree
47 silly resolveWithNewModule cordova-browser@5.0.1 checking installable status
48 silly cache add args [ 'cordova-browser@~5.0.0', null ]
49 verbose cache add spec cordova-browser@~5.0.0
50 silly cache add parsed spec Result {
50 silly cache add   raw: 'cordova-browser@~5.0.0',
50 silly cache add   scope: null,
50 silly cache add   escapedName: 'cordova-browser',
50 silly cache add   name: 'cordova-browser',
50 silly cache add   rawSpec: '~5.0.0',
50 silly cache add   spec: '>=5.0.0 <5.1.0',
50 silly cache add   type: 'range' }
51 silly addNamed cordova-browser@>=5.0.0 <5.1.0
52 verbose addNamed ">=5.0.0 <5.1.0" is a valid semver range for cordova-browser
53 silly addNameRange { name: 'cordova-browser',
53 silly addNameRange   range: '>=5.0.0 <5.1.0',
53 silly addNameRange   hasData: false }
54 silly mapToRegistry name cordova-browser
55 silly mapToRegistry using default registry
56 silly mapToRegistry registry https://registry.npmjs.org/
57 silly mapToRegistry data Result {
57 silly mapToRegistry   raw: 'cordova-browser',
57 silly mapToRegistry   scope: null,
57 silly mapToRegistry   escapedName: 'cordova-browser',
57 silly mapToRegistry   name: 'cordova-browser',
57 silly mapToRegistry   rawSpec: '',
57 silly mapToRegistry   spec: 'latest',
57 silly mapToRegistry   type: 'tag' }
58 silly mapToRegistry uri https://registry.npmjs.org/cordova-browser
59 verbose addNameRange registry:https://registry.npmjs.org/cordova-browser not in flight; fetching
60 verbose get https://registry.npmjs.org/cordova-browser not expired, no request
61 silly addNameRange number 2 { name: 'cordova-browser',
61 silly addNameRange   range: '>=5.0.0 <5.1.0',
61 silly addNameRange   hasData: true }
62 silly addNameRange versions [ 'cordova-browser',
62 silly addNameRange   [ '3.5.0',
62 silly addNameRange     '3.5.1',
62 silly addNameRange     '3.5.2',
62 silly addNameRange     '3.6.0',
62 silly addNameRange     '4.0.0',
62 silly addNameRange     '4.1.0',
62 silly addNameRange     '5.0.0',
62 silly addNameRange     '5.0.1' ] ]
63 silly addNamed cordova-browser@5.0.1
64 verbose addNamed "5.0.1" is a plain semver version for cordova-browser
65 silly mapToRegistry name cordova-browser
66 silly mapToRegistry using default registry
67 silly mapToRegistry registry https://registry.npmjs.org/
68 silly mapToRegistry data Result {
68 silly mapToRegistry   raw: 'cordova-browser',
68 silly mapToRegistry   scope: null,
68 silly mapToRegistry   escapedName: 'cordova-browser',
68 silly mapToRegistry   name: 'cordova-browser',
68 silly mapToRegistry   rawSpec: '',
68 silly mapToRegistry   spec: 'latest',
68 silly mapToRegistry   type: 'tag' }
69 silly mapToRegistry uri https://registry.npmjs.org/cordova-browser
70 verbose addRemoteTarball https://registry.npmjs.org/cordova-browser/-/cordova-browser-5.0.1.tgz not in flight; adding
71 verbose addRemoteTarball [ 'https://registry.npmjs.org/cordova-browser/-/cordova-browser-5.0.1.tgz',
71 verbose addRemoteTarball   '552faca6339245004bbe0acef7d5e3959947c127' ]
72 info retry fetch attempt 1 at 3:56:19 PM
73 info attempt registry request try #1 at 3:56:19 PM
74 http fetch GET https://registry.npmjs.org/cordova-browser/-/cordova-browser-5.0.1.tgz
75 info retry will retry, error on last attempt: Error: getaddrinfo ENOTFOUND registry.npmjs.org registry.npmjs.org:443
76 info attempt registry request try #2 at 3:56:41 PM
77 http fetch GET https://registry.npmjs.org/cordova-browser/-/cordova-browser-5.0.1.tgz
78 info retry will retry, error on last attempt: Error: getaddrinfo ENOTFOUND registry.npmjs.org registry.npmjs.org:443
79 info attempt registry request try #3 at 3:57:42 PM
80 http fetch GET https://registry.npmjs.org/cordova-browser/-/cordova-browser-5.0.1.tgz
81 error fetch failed https://registry.npmjs.org/cordova-browser/-/cordova-browser-5.0.1.tgz
82 warn retry will retry, error on last attempt: Error: getaddrinfo ENOTFOUND registry.npmjs.org registry.npmjs.org:443
83 info retry fetch attempt 2 at 3:58:04 PM
84 info attempt registry request try #1 at 3:58:04 PM
85 http fetch GET https://registry.npmjs.org/cordova-browser/-/cordova-browser-5.0.1.tgz
86 info retry will retry, error on last attempt: Error: getaddrinfo ENOTFOUND registry.npmjs.org registry.npmjs.org:443
87 info attempt registry request try #2 at 3:58:26 PM
88 http fetch GET https://registry.npmjs.org/cordova-browser/-/cordova-browser-5.0.1.tgz
89 info retry will retry, error on last attempt: Error: getaddrinfo ENOTFOUND registry.npmjs.org registry.npmjs.org:443
90 info attempt registry request try #3 at 3:59:26 PM
91 http fetch GET https://registry.npmjs.org/cordova-browser/-/cordova-browser-5.0.1.tgz
92 error fetch failed https://registry.npmjs.org/cordova-browser/-/cordova-browser-5.0.1.tgz
93 warn retry will retry, error on last attempt: Error: getaddrinfo ENOTFOUND registry.npmjs.org registry.npmjs.org:443
94 info retry fetch attempt 3 at 4:00:26 PM
95 info attempt registry request try #1 at 4:00:26 PM
96 http fetch GET https://registry.npmjs.org/cordova-browser/-/cordova-browser-5.0.1.tgz
97 info retry will retry, error on last attempt: Error: getaddrinfo ENOTFOUND registry.npmjs.org registry.npmjs.org:443
98 info attempt registry request try #2 at 4:00:36 PM
99 http fetch GET https://registry.npmjs.org/cordova-browser/-/cordova-browser-5.0.1.tgz
100 info retry will retry, error on last attempt: Error: getaddrinfo ENOTFOUND registry.npmjs.org registry.npmjs.org:443
101 info attempt registry request try #3 at 4:01:36 PM
102 http fetch GET https://registry.npmjs.org/cordova-browser/-/cordova-browser-5.0.1.tgz
103 error fetch failed https://registry.npmjs.org/cordova-browser/-/cordova-browser-5.0.1.tgz
104 silly rollbackFailedOptional Starting
105 silly rollbackFailedOptional Finishing
106 silly runTopLevelLifecycles Finishing
107 silly install printInstalled
108 verbose stack Error: getaddrinfo ENOTFOUND registry.npmjs.org registry.npmjs.org:443
108 verbose stack     at errnoException (dns.js:28:10)
108 verbose stack     at GetAddrInfoReqWrap.onlookup [as oncomplete] (dns.js:76:26)
109 verbose cwd C:\wamp64\www\FRUITNAMES-master\FRUITNAMES-master\reactMinimal-master
110 error Windows_NT 10.0.14393
111 error argv "C:\\Program Files\\nodejs\\node.exe" "C:\\Program Files\\nodejs\\node_modules\\npm\\bin\\npm-cli.js" "install" "cordova-browser@~5.0.0" "--production" "--no-save"
112 error node v6.11.2
113 error npm  v3.10.10
114 error code ENOTFOUND
115 error errno ENOTFOUND
116 error syscall getaddrinfo
117 error network getaddrinfo ENOTFOUND registry.npmjs.org registry.npmjs.org:443
118 error network This is most likely not a problem with npm itself
118 error network and is related to network connectivity.
118 error network In most cases you are behind a proxy or have bad network settings.
118 error network
118 error network If you are behind a proxy, please make sure that the
118 error network 'proxy' config is set properly.  See: 'npm help config'
119 verbose exit [ 1, true ]
